<?xml version="1.0" encoding="UTF-8" standalone="yes"?><!DOCTYPE report PUBLIC "-//JACOCO//DTD Report 1.0//EN" "report.dtd"><report name="Java Futures"><sessioninfo id="fschopp-macbook.local-693bf96d" start="1456543020125" dump="1456543021639"/><package name="net/florianschoppmann/java/futures"><class name="net/florianschoppmann/java/futures/Futures$CloseableWrapper"><method name="&lt;init&gt;" desc="(Ljava/lang/AutoCloseable;)V" line="639"><counter type="INSTRUCTION" missed="0" covered="9"/><counter type="LINE" missed="0" covered="4"/><counter type="COMPLEXITY" missed="0" covered="1"/><counter type="METHOD" missed="0" covered="1"/></method><method name="close" desc="()V" line="647"><counter type="INSTRUCTION" missed="0" covered="10"/><counter type="BRANCH" missed="0" covered="4"/><counter type="LINE" missed="0" covered="3"/><counter type="COMPLEXITY" missed="0" covered="3"/><counter type="METHOD" missed="0" covered="1"/></method><counter type="INSTRUCTION" missed="0" covered="19"/><counter type="BRANCH" missed="0" covered="4"/><counter type="LINE" missed="0" covered="7"/><counter type="COMPLEXITY" missed="0" covered="4"/><counter type="METHOD" missed="0" covered="2"/><counter type="CLASS" missed="0" covered="1"/></class><class name="net/florianschoppmann/java/futures/Futures"><method name="&lt;init&gt;" desc="()V" line="20"><counter type="INSTRUCTION" missed="16" covered="0"/><counter type="LINE" missed="2" covered="0"/><counter type="COMPLEXITY" missed="1" covered="0"/><counter type="METHOD" missed="1" covered="0"/></method><method name="shortCircuitCollect" desc="(Ljava/lang/Iterable;)Ljava/util/concurrent/CompletableFuture;" line="46"><counter type="INSTRUCTION" missed="0" covered="33"/><counter type="BRANCH" missed="0" covered="2"/><counter type="LINE" missed="0" covered="8"/><counter type="COMPLEXITY" missed="0" covered="2"/><counter type="METHOD" missed="0" covered="1"/></method><method name="collect" desc="(Ljava/lang/Iterable;)Ljava/util/concurrent/CompletableFuture;" line="92"><counter type="INSTRUCTION" missed="0" covered="33"/><counter type="BRANCH" missed="0" covered="2"/><counter type="LINE" missed="0" covered="8"/><counter type="COMPLEXITY" missed="0" covered="2"/><counter type="METHOD" missed="0" covered="1"/></method><method name="supply" desc="(Lnet/florianschoppmann/java/futures/CheckedSupplier;)Ljava/util/concurrent/CompletableFuture;" line="136"><counter type="INSTRUCTION" missed="0" covered="4"/><counter type="LINE" missed="0" covered="1"/><counter type="COMPLEXITY" missed="0" covered="1"/><counter type="METHOD" missed="0" covered="1"/></method><method name="rewrap" desc="(Ljava/util/concurrent/CompletionException;)Ljava/util/concurrent/CompletionException;" line="140"><counter type="INSTRUCTION" missed="0" covered="14"/><counter type="BRANCH" missed="0" covered="2"/><counter type="LINE" missed="0" covered="3"/><counter type="COMPLEXITY" missed="0" covered="2"/><counter type="METHOD" missed="0" covered="1"/></method><method name="supplyAsync" desc="(Lnet/florianschoppmann/java/futures/CheckedSupplier;Ljava/util/concurrent/Executor;)Ljava/util/concurrent/CompletableFuture;" line="161"><counter type="INSTRUCTION" missed="0" covered="16"/><counter type="LINE" missed="0" covered="4"/><counter type="COMPLEXITY" missed="0" covered="1"/><counter type="METHOD" missed="0" covered="1"/></method><method name="completedExceptionally" desc="(Ljava/lang/Throwable;)Ljava/util/concurrent/CompletableFuture;" line="189"><counter type="INSTRUCTION" missed="0" covered="10"/><counter type="LINE" missed="0" covered="3"/><counter type="COMPLEXITY" missed="0" covered="1"/><counter type="METHOD" missed="0" covered="1"/></method><method name="completeWith" desc="(Ljava/util/concurrent/CompletableFuture;Ljava/util/concurrent/CompletionStage;)V" line="203"><counter type="INSTRUCTION" missed="0" covered="6"/><counter type="LINE" missed="0" covered="2"/><counter type="COMPLEXITY" missed="0" covered="1"/><counter type="METHOD" missed="0" covered="1"/></method><method name="unwrapCompletionException" desc="(Ljava/util/concurrent/CompletionStage;)Ljava/util/concurrent/CompletableFuture;" line="222"><counter type="INSTRUCTION" missed="0" covered="11"/><counter type="LINE" missed="0" covered="3"/><counter type="COMPLEXITY" missed="0" covered="1"/><counter type="METHOD" missed="0" covered="1"/></method><method name="thenApply" desc="(Ljava/util/concurrent/CompletionStage;Lnet/florianschoppmann/java/futures/CheckedFunction;)Ljava/util/concurrent/CompletableFuture;" line="270"><counter type="INSTRUCTION" missed="0" covered="8"/><counter type="LINE" missed="0" covered="1"/><counter type="COMPLEXITY" missed="0" covered="1"/><counter type="METHOD" missed="0" covered="1"/></method><method name="thenApplyAsync" desc="(Ljava/util/concurrent/CompletionStage;Lnet/florianschoppmann/java/futures/CheckedFunction;Ljava/util/concurrent/Executor;)Ljava/util/concurrent/CompletableFuture;" line="294"><counter type="INSTRUCTION" missed="0" covered="6"/><counter type="LINE" missed="0" covered="1"/><counter type="COMPLEXITY" missed="0" covered="1"/><counter type="METHOD" missed="0" covered="1"/></method><method name="thenApplyInternal" desc="(Ljava/util/function/Function;Lnet/florianschoppmann/java/futures/CheckedFunction;)Ljava/util/concurrent/CompletableFuture;" line="300"><counter type="INSTRUCTION" missed="0" covered="5"/><counter type="LINE" missed="0" covered="1"/><counter type="COMPLEXITY" missed="0" covered="1"/><counter type="METHOD" missed="0" covered="1"/></method><method name="thenCompose" desc="(Ljava/util/concurrent/CompletionStage;Lnet/florianschoppmann/java/futures/CheckedFunction;)Ljava/util/concurrent/CompletableFuture;" line="331"><counter type="INSTRUCTION" missed="0" covered="8"/><counter type="LINE" missed="0" covered="1"/><counter type="COMPLEXITY" missed="0" covered="1"/><counter type="METHOD" missed="0" covered="1"/></method><method name="thenComposeAsync" desc="(Ljava/util/concurrent/CompletionStage;Lnet/florianschoppmann/java/futures/CheckedFunction;Ljava/util/concurrent/Executor;)Ljava/util/concurrent/CompletableFuture;" line="355"><counter type="INSTRUCTION" missed="0" covered="6"/><counter type="LINE" missed="0" covered="1"/><counter type="COMPLEXITY" missed="0" covered="1"/><counter type="METHOD" missed="0" covered="1"/></method><method name="encodeException" desc="(Ljava/lang/Throwable;)Ljava/util/concurrent/CompletionException;" line="368"><counter type="INSTRUCTION" missed="0" covered="11"/><counter type="BRANCH" missed="0" covered="2"/><counter type="LINE" missed="0" covered="1"/><counter type="COMPLEXITY" missed="0" covered="2"/><counter type="METHOD" missed="0" covered="1"/></method><method name="decode" desc="(Ljava/lang/Throwable;)Ljava/lang/Throwable;" line="383"><counter type="INSTRUCTION" missed="0" covered="12"/><counter type="BRANCH" missed="0" covered="4"/><counter type="LINE" missed="0" covered="5"/><counter type="COMPLEXITY" missed="0" covered="3"/><counter type="METHOD" missed="0" covered="1"/></method><method name="thenComposeInternal" desc="(Ljava/util/function/Function;Lnet/florianschoppmann/java/futures/CheckedFunction;)Ljava/util/concurrent/CompletableFuture;" line="395"><counter type="INSTRUCTION" missed="0" covered="5"/><counter type="LINE" missed="0" covered="1"/><counter type="COMPLEXITY" missed="0" covered="1"/><counter type="METHOD" missed="0" covered="1"/></method><method name="whenComplete" desc="(Ljava/util/concurrent/CompletionStage;Lnet/florianschoppmann/java/futures/CheckedBiConsumer;)Ljava/util/concurrent/CompletableFuture;" line="433"><counter type="INSTRUCTION" missed="0" covered="8"/><counter type="LINE" missed="0" covered="1"/><counter type="COMPLEXITY" missed="0" covered="1"/><counter type="METHOD" missed="0" covered="1"/></method><method name="whenCompleteAsync" desc="(Ljava/util/concurrent/CompletionStage;Lnet/florianschoppmann/java/futures/CheckedBiConsumer;Ljava/util/concurrent/Executor;)Ljava/util/concurrent/CompletableFuture;" line="456"><counter type="INSTRUCTION" missed="0" covered="6"/><counter type="LINE" missed="0" covered="1"/><counter type="COMPLEXITY" missed="0" covered="1"/><counter type="METHOD" missed="0" covered="1"/></method><method name="whenCompleteInternal" desc="(Ljava/util/function/Function;Lnet/florianschoppmann/java/futures/CheckedBiConsumer;)Ljava/util/concurrent/CompletableFuture;" line="462"><counter type="INSTRUCTION" missed="0" covered="5"/><counter type="LINE" missed="0" covered="1"/><counter type="COMPLEXITY" missed="0" covered="1"/><counter type="METHOD" missed="0" covered="1"/></method><method name="translateException" desc="(Ljava/util/concurrent/CompletionStage;Ljava/util/function/Function;)Ljava/util/concurrent/CompletableFuture;" line="493"><counter type="INSTRUCTION" missed="0" covered="18"/><counter type="LINE" missed="0" covered="5"/><counter type="COMPLEXITY" missed="0" covered="1"/><counter type="METHOD" missed="0" covered="1"/></method><method name="transformCompletionStage" desc="(Ljava/util/function/Function;Lnet/florianschoppmann/java/futures/Futures$TriConsumer;)Ljava/util/concurrent/CompletableFuture;" line="531"><counter type="INSTRUCTION" missed="0" covered="16"/><counter type="LINE" missed="0" covered="5"/><counter type="COMPLEXITY" missed="0" covered="1"/><counter type="METHOD" missed="0" covered="1"/></method><method name="thenApplyWithResourceAsync" desc="(Ljava/util/concurrent/CompletionStage;Lnet/florianschoppmann/java/futures/CheckedFunction;Ljava/util/concurrent/Executor;)Ljava/util/concurrent/CompletableFuture;" line="575"><counter type="INSTRUCTION" missed="0" covered="6"/><counter type="LINE" missed="0" covered="1"/><counter type="COMPLEXITY" missed="0" covered="1"/><counter type="METHOD" missed="0" covered="1"/></method><method name="thenComposeWithResource" desc="(Ljava/util/concurrent/CompletionStage;Lnet/florianschoppmann/java/futures/CheckedFunction;)Ljava/util/concurrent/CompletableFuture;" line="606"><counter type="INSTRUCTION" missed="0" covered="5"/><counter type="LINE" missed="0" covered="1"/><counter type="COMPLEXITY" missed="0" covered="1"/><counter type="METHOD" missed="0" covered="1"/></method><method name="lambda$thenComposeWithResource$20" desc="(Lnet/florianschoppmann/java/futures/CheckedFunction;Ljava/lang/AutoCloseable;)Ljava/util/concurrent/CompletionStage;" line="607"><counter type="INSTRUCTION" missed="10" covered="51"/><counter type="BRANCH" missed="4" covered="4"/><counter type="LINE" missed="0" covered="5"/><counter type="COMPLEXITY" missed="4" covered="1"/><counter type="METHOD" missed="0" covered="1"/></method><method name="lambda$null$19" desc="(Ljava/lang/AutoCloseable;Ljava/lang/Object;Ljava/lang/Throwable;)V" line="614"><counter type="INSTRUCTION" missed="0" covered="16"/><counter type="BRANCH" missed="0" covered="4"/><counter type="LINE" missed="0" covered="8"/><counter type="COMPLEXITY" missed="0" covered="3"/><counter type="METHOD" missed="0" covered="1"/></method><method name="lambda$thenApplyWithResourceAsync$18" desc="(Lnet/florianschoppmann/java/futures/CheckedFunction;Ljava/lang/AutoCloseable;)Ljava/lang/Object;" line="576"><counter type="INSTRUCTION" missed="10" covered="36"/><counter type="BRANCH" missed="2" covered="6"/><counter type="LINE" missed="0" covered="3"/><counter type="COMPLEXITY" missed="2" covered="3"/><counter type="METHOD" missed="0" covered="1"/></method><method name="lambda$transformCompletionStage$17" desc="(Ljava/util/concurrent/CompletableFuture;Ljava/lang/Throwable;)Ljava/lang/Object;" line="539"><counter type="INSTRUCTION" missed="0" covered="13"/><counter type="BRANCH" missed="0" covered="2"/><counter type="LINE" missed="0" covered="3"/><counter type="COMPLEXITY" missed="0" covered="2"/><counter type="METHOD" missed="0" covered="1"/></method><method name="lambda$transformCompletionStage$16" desc="(Lnet/florianschoppmann/java/futures/Futures$TriConsumer;Ljava/util/concurrent/CompletableFuture;Ljava/lang/Object;Ljava/lang/Throwable;)V" line="533"><counter type="INSTRUCTION" missed="0" covered="6"/><counter type="LINE" missed="0" covered="1"/><counter type="COMPLEXITY" missed="0" covered="1"/><counter type="METHOD" missed="0" covered="1"/></method><method name="lambda$translateException$15" desc="(Ljava/util/concurrent/CompletableFuture;Ljava/util/function/Function;Ljava/lang/Object;Ljava/lang/Throwable;)Ljava/lang/Object;" line="496"><counter type="INSTRUCTION" missed="0" covered="17"/><counter type="BRANCH" missed="0" covered="2"/><counter type="LINE" missed="0" covered="4"/><counter type="COMPLEXITY" missed="0" covered="2"/><counter type="METHOD" missed="0" covered="1"/></method><method name="lambda$whenCompleteInternal$14" desc="(Lnet/florianschoppmann/java/futures/CheckedBiConsumer;Ljava/lang/Object;Ljava/lang/Throwable;Ljava/util/concurrent/CompletableFuture;)V" line="466"><counter type="INSTRUCTION" missed="0" covered="19"/><counter type="BRANCH" missed="0" covered="2"/><counter type="LINE" missed="0" covered="7"/><counter type="COMPLEXITY" missed="0" covered="2"/><counter type="METHOD" missed="0" covered="1"/></method><method name="lambda$whenCompleteAsync$13" desc="(Ljava/util/concurrent/CompletionStage;Ljava/util/concurrent/Executor;Ljava/util/function/BiConsumer;)Ljava/util/concurrent/CompletionStage;" line="456"><counter type="INSTRUCTION" missed="0" covered="5"/><counter type="LINE" missed="0" covered="1"/><counter type="COMPLEXITY" missed="0" covered="1"/><counter type="METHOD" missed="0" covered="1"/></method><method name="lambda$thenComposeInternal$12" desc="(Lnet/florianschoppmann/java/futures/CheckedFunction;Ljava/lang/Object;Ljava/lang/Throwable;Ljava/util/concurrent/CompletableFuture;)V" line="398"><counter type="INSTRUCTION" missed="0" covered="22"/><counter type="BRANCH" missed="0" covered="2"/><counter type="LINE" missed="0" covered="7"/><counter type="COMPLEXITY" missed="0" covered="2"/><counter type="METHOD" missed="0" covered="1"/></method><method name="lambda$null$11" desc="(Ljava/util/concurrent/CompletableFuture;Ljava/lang/Object;Ljava/lang/Throwable;)V" line="402"><counter type="INSTRUCTION" missed="0" covered="13"/><counter type="BRANCH" missed="0" covered="2"/><counter type="LINE" missed="0" covered="4"/><counter type="COMPLEXITY" missed="0" covered="2"/><counter type="METHOD" missed="0" covered="1"/></method><method name="lambda$thenComposeAsync$10" desc="(Ljava/util/concurrent/CompletionStage;Ljava/util/concurrent/Executor;Ljava/util/function/BiConsumer;)Ljava/util/concurrent/CompletionStage;" line="355"><counter type="INSTRUCTION" missed="0" covered="5"/><counter type="LINE" missed="0" covered="1"/><counter type="COMPLEXITY" missed="0" covered="1"/><counter type="METHOD" missed="0" covered="1"/></method><method name="lambda$thenApplyInternal$9" desc="(Lnet/florianschoppmann/java/futures/CheckedFunction;Ljava/lang/Object;Ljava/lang/Throwable;Ljava/util/concurrent/CompletableFuture;)V" line="303"><counter type="INSTRUCTION" missed="0" covered="17"/><counter type="BRANCH" missed="0" covered="2"/><counter type="LINE" missed="0" covered="6"/><counter type="COMPLEXITY" missed="0" covered="2"/><counter type="METHOD" missed="0" covered="1"/></method><method name="lambda$thenApplyAsync$8" desc="(Ljava/util/concurrent/CompletionStage;Ljava/util/concurrent/Executor;Ljava/util/function/BiConsumer;)Ljava/util/concurrent/CompletionStage;" line="294"><counter type="INSTRUCTION" missed="0" covered="5"/><counter type="LINE" missed="0" covered="1"/><counter type="COMPLEXITY" missed="0" covered="1"/><counter type="METHOD" missed="0" covered="1"/></method><method name="lambda$unwrapCompletionException$7" desc="(Ljava/util/concurrent/CompletableFuture;Ljava/lang/Object;Ljava/lang/Throwable;)V" line="224"><counter type="INSTRUCTION" missed="0" covered="30"/><counter type="BRANCH" missed="0" covered="6"/><counter type="LINE" missed="0" covered="9"/><counter type="COMPLEXITY" missed="0" covered="4"/><counter type="METHOD" missed="0" covered="1"/></method><method name="lambda$completeWith$6" desc="(Ljava/util/concurrent/CompletableFuture;Ljava/lang/Object;Ljava/lang/Throwable;)V" line="204"><counter type="INSTRUCTION" missed="0" covered="12"/><counter type="BRANCH" missed="0" covered="2"/><counter type="LINE" missed="0" covered="4"/><counter type="COMPLEXITY" missed="0" covered="2"/><counter type="METHOD" missed="0" covered="1"/></method><method name="lambda$supplyAsync$5" desc="(Ljava/util/concurrent/CompletableFuture;Ljava/lang/Object;Ljava/lang/Throwable;)V" line="171"><counter type="INSTRUCTION" missed="4" covered="19"/><counter type="BRANCH" missed="2" covered="4"/><counter type="LINE" missed="0" covered="5"/><counter type="COMPLEXITY" missed="2" covered="2"/><counter type="METHOD" missed="0" covered="1"/></method><method name="lambda$supplyAsync$4" desc="(Lnet/florianschoppmann/java/futures/CheckedSupplier;)Ljava/lang/Object;" line="163"><counter type="INSTRUCTION" missed="0" covered="10"/><counter type="LINE" missed="0" covered="3"/><counter type="COMPLEXITY" missed="0" covered="1"/><counter type="METHOD" missed="0" covered="1"/></method><method name="lambda$collect$3" desc="(Ljava/util/concurrent/CompletionStage;Ljava/util/concurrent/CompletableFuture;Ljava/util/List;Ljava/lang/Throwable;)V" line="98"><counter type="INSTRUCTION" missed="4" covered="14"/><counter type="BRANCH" missed="2" covered="4"/><counter type="LINE" missed="0" covered="3"/><counter type="COMPLEXITY" missed="2" covered="2"/><counter type="METHOD" missed="0" covered="1"/></method><method name="lambda$null$2" desc="(Ljava/lang/Throwable;Ljava/util/concurrent/CompletableFuture;Ljava/util/List;Ljava/lang/Object;Ljava/lang/Throwable;)V" line="100"><counter type="INSTRUCTION" missed="0" covered="31"/><counter type="BRANCH" missed="0" covered="6"/><counter type="LINE" missed="0" covered="9"/><counter type="COMPLEXITY" missed="0" covered="4"/><counter type="METHOD" missed="0" covered="1"/></method><method name="lambda$shortCircuitCollect$1" desc="(Ljava/util/concurrent/CompletableFuture;Ljava/util/concurrent/CompletionStage;Ljava/util/List;Ljava/lang/Throwable;)V" line="52"><counter type="INSTRUCTION" missed="4" covered="20"/><counter type="BRANCH" missed="2" covered="6"/><counter type="LINE" missed="0" covered="5"/><counter type="COMPLEXITY" missed="2" covered="3"/><counter type="METHOD" missed="0" covered="1"/></method><method name="lambda$null$0" desc="(Ljava/util/concurrent/CompletableFuture;Ljava/util/List;Ljava/lang/Object;Ljava/lang/Throwable;)V" line="57"><counter type="INSTRUCTION" missed="0" covered="17"/><counter type="BRANCH" missed="0" covered="2"/><counter type="LINE" missed="0" covered="5"/><counter type="COMPLEXITY" missed="0" covered="2"/><counter type="METHOD" missed="0" covered="1"/></method><method name="&lt;clinit&gt;" desc="()V" line="19"><counter type="INSTRUCTION" missed="2" covered="6"/><counter type="BRANCH" missed="1" covered="1"/><counter type="LINE" missed="0" covered="1"/><counter type="COMPLEXITY" missed="1" covered="1"/><counter type="METHOD" missed="0" covered="1"/></method><counter type="INSTRUCTION" missed="50" covered="636"/><counter type="BRANCH" missed="13" covered="69"/><counter type="LINE" missed="2" covered="150"/><counter type="COMPLEXITY" missed="14" covered="73"/><counter type="METHOD" missed="1" covered="45"/><counter type="CLASS" missed="0" covered="1"/></class><class name="net/florianschoppmann/java/futures/Futures$WrappedException"><method name="&lt;init&gt;" desc="(Ljava/lang/Throwable;)V" line="249"><counter type="INSTRUCTION" missed="0" covered="4"/><counter type="LINE" missed="0" covered="2"/><counter type="COMPLEXITY" missed="0" covered="1"/><counter type="METHOD" missed="0" covered="1"/></method><counter type="INSTRUCTION" missed="0" covered="4"/><counter type="LINE" missed="0" covered="2"/><counter type="COMPLEXITY" missed="0" covered="1"/><counter type="METHOD" missed="0" covered="1"/><counter type="CLASS" missed="0" covered="1"/></class><sourcefile name="Futures.java"><line nr="19" mi="2" ci="6" mb="1" cb="1"/><line nr="20" mi="2" ci="0" mb="0" cb="0"/><line nr="21" mi="14" ci="0" mb="0" cb="0"/><line nr="46" mi="0" ci="3" mb="0" cb="0"/><line nr="48" mi="0" ci="5" mb="0" cb="0"/><line nr="49" mi="0" ci="10" mb="0" cb="2"/><line nr="50" mi="0" ci="4" mb="0" cb="0"/><line nr="51" mi="0" ci="6" mb="0" cb="0"/><line nr="52" mi="4" ci="6" mb="2" cb="4"/><line nr="53" mi="0" ci="2" mb="0" cb="2"/><line nr="54" mi="0" ci="5" mb="0" cb="0"/><line nr="56" mi="0" ci="6" mb="0" cb="0"/><line nr="57" mi="0" ci="2" mb="0" cb="2"/><line nr="58" mi="0" ci="6" mb="0" cb="0"/><line nr="60" mi="0" ci="4" mb="0" cb="0"/><line nr="61" mi="0" ci="4" mb="0" cb="0"/><line nr="63" mi="0" ci="1" mb="0" cb="0"/><line nr="65" mi="0" ci="1" mb="0" cb="0"/><line nr="66" mi="0" ci="2" mb="0" cb="0"/><line nr="67" mi="0" ci="1" mb="0" cb="0"/><line nr="68" mi="0" ci="2" mb="0" cb="0"/><line nr="92" mi="0" ci="3" mb="0" cb="0"/><line nr="94" mi="0" ci="5" mb="0" cb="0"/><line nr="95" mi="0" ci="10" mb="0" cb="2"/><line nr="96" mi="0" ci="4" mb="0" cb="0"/><line nr="97" mi="0" ci="6" mb="0" cb="0"/><line nr="98" mi="4" ci="6" mb="2" cb="4"/><line nr="99" mi="0" ci="7" mb="0" cb="0"/><line nr="100" mi="0" ci="2" mb="0" cb="2"/><line nr="101" mi="0" ci="2" mb="0" cb="2"/><line nr="102" mi="0" ci="5" mb="0" cb="0"/><line nr="104" mi="0" ci="6" mb="0" cb="0"/><line nr="107" mi="0" ci="2" mb="0" cb="2"/><line nr="108" mi="0" ci="5" mb="0" cb="0"/><line nr="110" mi="0" ci="4" mb="0" cb="0"/><line nr="111" mi="0" ci="4" mb="0" cb="0"/><line nr="114" mi="0" ci="1" mb="0" cb="0"/><line nr="115" mi="0" ci="1" mb="0" cb="0"/><line nr="116" mi="0" ci="2" mb="0" cb="0"/><line nr="117" mi="0" ci="1" mb="0" cb="0"/><line nr="118" mi="0" ci="2" mb="0" cb="0"/><line nr="136" mi="0" ci="4" mb="0" cb="0"/><line nr="140" mi="0" ci="3" mb="0" cb="0"/><line nr="141" mi="0" ci="6" mb="0" cb="2"/><line nr="142" mi="0" ci="5" mb="0" cb="0"/><line nr="161" mi="0" ci="5" mb="0" cb="0"/><line nr="163" mi="0" ci="3" mb="0" cb="0"/><line nr="164" mi="0" ci="1" mb="0" cb="0"/><line nr="165" mi="0" ci="6" mb="0" cb="0"/><line nr="169" mi="0" ci="4" mb="0" cb="0"/><line nr="170" mi="0" ci="5" mb="0" cb="0"/><line nr="171" mi="0" ci="2" mb="0" cb="2"/><line nr="172" mi="4" ci="5" mb="2" cb="2"/><line nr="173" mi="0" ci="7" mb="0" cb="0"/><line nr="175" mi="0" ci="4" mb="0" cb="0"/><line nr="177" mi="0" ci="1" mb="0" cb="0"/><line nr="178" mi="0" ci="2" mb="0" cb="0"/><line nr="189" mi="0" ci="4" mb="0" cb="0"/><line nr="190" mi="0" ci="4" mb="0" cb="0"/><line nr="191" mi="0" ci="2" mb="0" cb="0"/><line nr="203" mi="0" ci="5" mb="0" cb="0"/><line nr="204" mi="0" ci="2" mb="0" cb="2"/><line nr="205" mi="0" ci="5" mb="0" cb="0"/><line nr="207" mi="0" ci="4" mb="0" cb="0"/><line nr="209" mi="0" ci="1" mb="0" cb="0"/><line nr="210" mi="0" ci="1" mb="0" cb="0"/><line nr="222" mi="0" ci="4" mb="0" cb="0"/><line nr="223" mi="0" ci="5" mb="0" cb="0"/><line nr="224" mi="0" ci="3" mb="0" cb="2"/><line nr="225" mi="0" ci="3" mb="0" cb="0"/><line nr="226" mi="0" ci="2" mb="0" cb="2"/><line nr="227" mi="0" ci="5" mb="0" cb="0"/><line nr="229" mi="0" ci="4" mb="0" cb="0"/><line nr="231" mi="0" ci="3" mb="0" cb="2"/><line nr="232" mi="0" ci="5" mb="0" cb="0"/><line nr="234" mi="0" ci="4" mb="0" cb="0"/><line nr="236" mi="0" ci="1" mb="0" cb="0"/><line nr="237" mi="0" ci="2" mb="0" cb="0"/><line nr="249" mi="0" ci="3" mb="0" cb="0"/><line nr="250" mi="0" ci="1" mb="0" cb="0"/><line nr="270" mi="0" ci="8" mb="0" cb="0"/><line nr="294" mi="0" ci="11" mb="0" cb="0"/><line nr="300" mi="0" ci="5" mb="0" cb="0"/><line nr="303" mi="0" ci="2" mb="0" cb="2"/><line nr="305" mi="0" ci="6" mb="0" cb="0"/><line nr="306" mi="0" ci="1" mb="0" cb="0"/><line nr="307" mi="0" ci="6" mb="0" cb="0"/><line nr="308" mi="0" ci="1" mb="0" cb="0"/><line nr="310" mi="0" ci="1" mb="0" cb="0"/><line nr="331" mi="0" ci="8" mb="0" cb="0"/><line nr="355" mi="0" ci="11" mb="0" cb="0"/><line nr="368" mi="0" ci="11" mb="0" cb="2"/><line nr="383" mi="0" ci="3" mb="0" cb="2"/><line nr="384" mi="0" ci="3" mb="0" cb="0"/><line nr="385" mi="0" ci="2" mb="0" cb="2"/><line nr="386" mi="0" ci="2" mb="0" cb="0"/><line nr="389" mi="0" ci="2" mb="0" cb="0"/><line nr="395" mi="0" ci="5" mb="0" cb="0"/><line nr="398" mi="0" ci="2" mb="0" cb="2"/><line nr="400" mi="0" ci="6" mb="0" cb="0"/><line nr="401" mi="0" ci="5" mb="0" cb="0"/><line nr="402" mi="0" ci="2" mb="0" cb="2"/><line nr="403" mi="0" ci="6" mb="0" cb="0"/><line nr="405" mi="0" ci="4" mb="0" cb="0"/><line nr="407" mi="0" ci="1" mb="0" cb="0"/><line nr="408" mi="0" ci="1" mb="0" cb="0"/><line nr="409" mi="0" ci="6" mb="0" cb="0"/><line nr="410" mi="0" ci="1" mb="0" cb="0"/><line nr="412" mi="0" ci="1" mb="0" cb="0"/><line nr="433" mi="0" ci="8" mb="0" cb="0"/><line nr="456" mi="0" ci="11" mb="0" cb="0"/><line nr="462" mi="0" ci="5" mb="0" cb="0"/><line nr="466" mi="0" ci="4" mb="0" cb="0"/><line nr="467" mi="0" ci="2" mb="0" cb="2"/><line nr="468" mi="0" ci="4" mb="0" cb="0"/><line nr="470" mi="0" ci="1" mb="0" cb="0"/><line nr="471" mi="0" ci="6" mb="0" cb="0"/><line nr="472" mi="0" ci="1" mb="0" cb="0"/><line nr="473" mi="0" ci="1" mb="0" cb="0"/><line nr="493" mi="0" ci="4" mb="0" cb="0"/><line nr="494" mi="0" ci="4" mb="0" cb="0"/><line nr="495" mi="0" ci="6" mb="0" cb="0"/><line nr="496" mi="0" ci="2" mb="0" cb="2"/><line nr="497" mi="0" ci="9" mb="0" cb="0"/><line nr="499" mi="0" ci="4" mb="0" cb="0"/><line nr="501" mi="0" ci="2" mb="0" cb="0"/><line nr="503" mi="0" ci="2" mb="0" cb="0"/><line nr="504" mi="0" ci="2" mb="0" cb="0"/><line nr="531" mi="0" ci="4" mb="0" cb="0"/><line nr="532" mi="0" ci="4" mb="0" cb="0"/><line nr="533" mi="0" ci="10" mb="0" cb="0"/><line nr="534" mi="0" ci="2" mb="0" cb="0"/><line nr="539" mi="0" ci="8" mb="0" cb="2"/><line nr="541" mi="0" ci="3" mb="0" cb="0"/><line nr="545" mi="0" ci="2" mb="0" cb="0"/><line nr="547" mi="0" ci="2" mb="0" cb="0"/><line nr="575" mi="0" ci="6" mb="0" cb="0"/><line nr="576" mi="0" ci="9" mb="0" cb="0"/><line nr="577" mi="0" ci="4" mb="0" cb="0"/><line nr="578" mi="10" ci="23" mb="2" cb="6"/><line nr="606" mi="0" ci="5" mb="0" cb="0"/><line nr="607" mi="0" ci="13" mb="0" cb="0"/><line nr="608" mi="0" ci="6" mb="0" cb="0"/><line nr="609" mi="0" ci="4" mb="0" cb="0"/><line nr="610" mi="0" ci="5" mb="0" cb="0"/><line nr="614" mi="0" ci="2" mb="0" cb="2"/><line nr="615" mi="0" ci="2" mb="0" cb="2"/><line nr="617" mi="0" ci="2" mb="0" cb="0"/><line nr="618" mi="0" ci="1" mb="0" cb="0"/><line nr="619" mi="0" ci="4" mb="0" cb="0"/><line nr="620" mi="0" ci="2" mb="0" cb="0"/><line nr="622" mi="0" ci="2" mb="0" cb="0"/><line nr="625" mi="0" ci="1" mb="0" cb="0"/><line nr="626" mi="10" ci="23" mb="4" cb="4"/><line nr="639" mi="0" ci="3" mb="0" cb="0"/><line nr="641" mi="0" ci="2" mb="0" cb="0"/><line nr="642" mi="0" ci="3" mb="0" cb="0"/><line nr="643" mi="0" ci="1" mb="0" cb="0"/><line nr="647" mi="0" ci="6" mb="0" cb="4"/><line nr="648" mi="0" ci="3" mb="0" cb="0"/><line nr="650" mi="0" ci="1" mb="0" cb="0"/><counter type="INSTRUCTION" missed="50" covered="659"/><counter type="BRANCH" missed="13" covered="73"/><counter type="LINE" missed="2" covered="159"/><counter type="COMPLEXITY" missed="14" covered="78"/><counter type="METHOD" missed="1" covered="48"/><counter type="CLASS" missed="0" covered="3"/></sourcefile><counter type="INSTRUCTION" missed="50" covered="659"/><counter type="BRANCH" missed="13" covered="73"/><counter type="LINE" missed="2" covered="159"/><counter type="COMPLEXITY" missed="14" covered="78"/><counter type="METHOD" missed="1" covered="48"/><counter type="CLASS" missed="0" covered="3"/></package><counter type="INSTRUCTION" missed="50" covered="659"/><counter type="BRANCH" missed="13" covered="73"/><counter type="LINE" missed="2" covered="159"/><counter type="COMPLEXITY" missed="14" covered="78"/><counter type="METHOD" missed="1" covered="48"/><counter type="CLASS" missed="0" covered="3"/></report>